<?xml version="1.0" encoding="UTF-8"?>
<!-- Generated by org.testng.reporters.JUnitReportReporter -->
<testsuite skipped="0" hostname="L-5493" name="com.cicd.jenkins.testscripts.SampleSelTest" tests="3" failures="0" timestamp="23 Jul 2020 12:16:32 GMT" time="22.291" errors="0">
  <testcase name="LaunchBrowser" time="10.511" classname="com.cicd.jenkins.testscripts.SampleSelTest"/>
  <testcase name="Urlhit" time="9.163" classname="com.cicd.jenkins.testscripts.SampleSelTest"/>
  <testcase name="CloseBrowser" time="2.617" classname="com.cicd.jenkins.testscripts.SampleSelTest"/>
</testsuite> <!-- com.cicd.jenkins.testscripts.SampleSelTest -->
