<?xml version="1.0" encoding="UTF-8"?>
<!-- Generated by org.testng.reporters.JUnitReportReporter -->
<testsuite skipped="0" hostname="L-5493" name="com.cicd.jenkins.testscripts.SampleSelTest" tests="3" failures="0" timestamp="27 Jul 2020 09:54:49 GMT" time="14.821" errors="0">
  <testcase name="LaunchBrowser" time="9.558" classname="com.cicd.jenkins.testscripts.SampleSelTest"/>
  <testcase name="Urlhit" time="3.610" classname="com.cicd.jenkins.testscripts.SampleSelTest"/>
  <testcase name="CloseBrowser" time="1.653" classname="com.cicd.jenkins.testscripts.SampleSelTest"/>
</testsuite> <!-- com.cicd.jenkins.testscripts.SampleSelTest -->
